[2023-03-23 21:37:07] - spring.jpa.open-in-view is enabled by default. Therefore, database queries may be performed during view rendering. Explicitly configure spring.jpa.open-in-view to disable this warning
[2023-03-23 21:37:07] - LiveReload server is running on port 35729
[2023-03-23 21:37:07] - Tomcat started on port(s): 8080 (http) with context path ''
[2023-03-23 21:37:07] - Started GoalsApplication in 3.157 seconds (JVM running for 554.05)
[2023-03-23 21:37:07] - Condition evaluation unchanged
[2023-03-23 21:45:05] - Restarting due to 1 class path change (0 additions, 0 deletions, 1 modification)
[2023-03-23 21:45:05] - Stopping service [Tomcat]
[2023-03-23 21:45:05] - Closing JPA EntityManagerFactory for persistence unit 'default'
[2023-03-23 21:45:05] - HikariPool-3 - Shutdown initiated...
[2023-03-23 21:45:05] - HikariPool-3 - Shutdown completed.
[2023-03-23 21:45:05] - Starting GoalsApplication using Java 19.0.1 on NAGASRI with PID 8592 (C:\Users\HP\Documents\GitHub\sanjay.zip_expanded\goals\target\classes started by Nagasri in C:\Users\HP\Documents\GitHub\sanjay.zip_expanded\goals)
[2023-03-23 21:45:05] - No active profile set, falling back to 1 default profile: "default"
[2023-03-23 21:45:06] - Bootstrapping Spring Data JPA repositories in DEFAULT mode.
[2023-03-23 21:45:06] - Finished Spring Data repository scanning in 39 ms. Found 4 JPA repository interfaces.
[2023-03-23 21:45:06] - Tomcat initialized with port(s): 8080 (http)
[2023-03-23 21:45:06] - Starting service [Tomcat]
[2023-03-23 21:45:06] - Starting Servlet engine: [Apache Tomcat/9.0.71]
[2023-03-23 21:45:06] - Initializing Spring embedded WebApplicationContext
[2023-03-23 21:45:06] - Root WebApplicationContext: initialization completed in 572 ms
[2023-03-23 21:45:06] - HHH000204: Processing PersistenceUnitInfo [name: default]
[2023-03-23 21:45:06] - HikariPool-4 - Starting...
[2023-03-23 21:45:06] - HikariPool-4 - Start completed.
[2023-03-23 21:45:06] - HHH000400: Using dialect: org.hibernate.dialect.MySQL5InnoDBDialect
[2023-03-23 21:45:07] - HHH000490: Using JtaPlatform implementation: [org.hibernate.engine.transaction.jta.platform.internal.NoJtaPlatform]
[2023-03-23 21:45:07] - Initialized JPA EntityManagerFactory for persistence unit 'default'
[2023-03-23 21:45:07] - spring.jpa.open-in-view is enabled by default. Therefore, database queries may be performed during view rendering. Explicitly configure spring.jpa.open-in-view to disable this warning
[2023-03-23 21:45:07] - LiveReload server is running on port 35729
[2023-03-23 21:45:07] - Tomcat started on port(s): 8080 (http) with context path ''
[2023-03-23 21:45:07] - Started GoalsApplication in 1.828 seconds (JVM running for 1034.235)
[2023-03-23 21:45:07] - Condition evaluation unchanged
[2023-03-23 21:45:26] - Restarting due to 1 class path change (0 additions, 0 deletions, 1 modification)
[2023-03-23 21:45:26] - Stopping service [Tomcat]
[2023-03-23 21:45:26] - Closing JPA EntityManagerFactory for persistence unit 'default'
[2023-03-23 21:45:26] - HikariPool-4 - Shutdown initiated...
[2023-03-23 21:45:26] - HikariPool-4 - Shutdown completed.
[2023-03-23 21:45:26] - Starting GoalsApplication using Java 19.0.1 on NAGASRI with PID 8592 (C:\Users\HP\Documents\GitHub\sanjay.zip_expanded\goals\target\classes started by Nagasri in C:\Users\HP\Documents\GitHub\sanjay.zip_expanded\goals)
[2023-03-23 21:45:26] - No active profile set, falling back to 1 default profile: "default"
[2023-03-23 21:45:27] - Bootstrapping Spring Data JPA repositories in DEFAULT mode.
[2023-03-23 21:45:27] - Finished Spring Data repository scanning in 31 ms. Found 4 JPA repository interfaces.
[2023-03-23 21:45:27] - Tomcat initialized with port(s): 8080 (http)
[2023-03-23 21:45:27] - Starting service [Tomcat]
[2023-03-23 21:45:27] - Starting Servlet engine: [Apache Tomcat/9.0.71]
[2023-03-23 21:45:27] - Initializing Spring embedded WebApplicationContext
[2023-03-23 21:45:27] - Root WebApplicationContext: initialization completed in 521 ms
[2023-03-23 21:45:27] - HHH000204: Processing PersistenceUnitInfo [name: default]
[2023-03-23 21:45:27] - HikariPool-5 - Starting...
[2023-03-23 21:45:27] - HikariPool-5 - Start completed.
[2023-03-23 21:45:27] - HHH000400: Using dialect: org.hibernate.dialect.MySQL5InnoDBDialect
[2023-03-23 21:45:27] - HHH000490: Using JtaPlatform implementation: [org.hibernate.engine.transaction.jta.platform.internal.NoJtaPlatform]
[2023-03-23 21:45:27] - Initialized JPA EntityManagerFactory for persistence unit 'default'
[2023-03-23 21:45:28] - spring.jpa.open-in-view is enabled by default. Therefore, database queries may be performed during view rendering. Explicitly configure spring.jpa.open-in-view to disable this warning
[2023-03-23 21:45:28] - LiveReload server is running on port 35729
[2023-03-23 21:45:28] - Tomcat started on port(s): 8080 (http) with context path ''
[2023-03-23 21:45:28] - Started GoalsApplication in 1.439 seconds (JVM running for 1054.882)
[2023-03-23 21:45:28] - Condition evaluation unchanged
[2023-03-23 21:45:37] - Restarting due to 1 class path change (0 additions, 0 deletions, 1 modification)
[2023-03-23 21:45:37] - Stopping service [Tomcat]
[2023-03-23 21:45:37] - Closing JPA EntityManagerFactory for persistence unit 'default'
[2023-03-23 21:45:37] - HikariPool-5 - Shutdown initiated...
[2023-03-23 21:45:37] - HikariPool-5 - Shutdown completed.
[2023-03-23 21:45:37] - Starting GoalsApplication using Java 19.0.1 on NAGASRI with PID 8592 (C:\Users\HP\Documents\GitHub\sanjay.zip_expanded\goals\target\classes started by Nagasri in C:\Users\HP\Documents\GitHub\sanjay.zip_expanded\goals)
[2023-03-23 21:45:37] - No active profile set, falling back to 1 default profile: "default"
[2023-03-23 21:45:37] - Bootstrapping Spring Data JPA repositories in DEFAULT mode.
[2023-03-23 21:45:37] - Finished Spring Data repository scanning in 26 ms. Found 4 JPA repository interfaces.
[2023-03-23 21:45:37] - Tomcat initialized with port(s): 8080 (http)
[2023-03-23 21:45:37] - Starting service [Tomcat]
[2023-03-23 21:45:37] - Starting Servlet engine: [Apache Tomcat/9.0.71]
[2023-03-23 21:45:37] - Initializing Spring embedded WebApplicationContext
[2023-03-23 21:45:37] - Root WebApplicationContext: initialization completed in 449 ms
[2023-03-23 21:45:37] - HHH000204: Processing PersistenceUnitInfo [name: default]
[2023-03-23 21:45:37] - HikariPool-6 - Starting...
[2023-03-23 21:45:37] - HikariPool-6 - Start completed.
[2023-03-23 21:45:37] - HHH000400: Using dialect: org.hibernate.dialect.MySQL5InnoDBDialect
[2023-03-23 21:45:38] - HHH000490: Using JtaPlatform implementation: [org.hibernate.engine.transaction.jta.platform.internal.NoJtaPlatform]
[2023-03-23 21:45:38] - Initialized JPA EntityManagerFactory for persistence unit 'default'
[2023-03-23 21:45:38] - spring.jpa.open-in-view is enabled by default. Therefore, database queries may be performed during view rendering. Explicitly configure spring.jpa.open-in-view to disable this warning
[2023-03-23 21:45:38] - LiveReload server is running on port 35729
[2023-03-23 21:45:38] - Tomcat started on port(s): 8080 (http) with context path ''
[2023-03-23 21:45:38] - Started GoalsApplication in 1.513 seconds (JVM running for 1065.282)
[2023-03-23 21:45:38] - Condition evaluation unchanged
[2023-03-23 21:45:42] - Initializing Spring DispatcherServlet 'dispatcherServlet'
[2023-03-23 21:45:42] - Initializing Servlet 'dispatcherServlet'
[2023-03-23 21:45:42] - Completed initialization in 4 ms
[2023-03-23 21:45:42] - SQL Error: 1062, SQLState: 23000
[2023-03-23 21:45:42] - Duplicate entry 'nag' for key 'user.UK_sb8bbouer5wak8vyiiy4pf2bx'
[2023-03-23 21:45:43] - Servlet.service() for servlet [dispatcherServlet] in context with path [] threw exception [Request processing failed; nested exception is org.springframework.dao.DataIntegrityViolationException: could not execute statement; SQL [n/a]; constraint [user.UK_sb8bbouer5wak8vyiiy4pf2bx]; nested exception is org.hibernate.exception.ConstraintViolationException: could not execute statement] with root cause
java.sql.SQLIntegrityConstraintViolationException: Duplicate entry 'nag' for key 'user.UK_sb8bbouer5wak8vyiiy4pf2bx'
	at com.mysql.cj.jdbc.exceptions.SQLError.createSQLException(SQLError.java:117)
	at com.mysql.cj.jdbc.exceptions.SQLExceptionsMapping.translateException(SQLExceptionsMapping.java:122)
	at com.mysql.cj.jdbc.ClientPreparedStatement.executeInternal(ClientPreparedStatement.java:916)
	at com.mysql.cj.jdbc.ClientPreparedStatement.executeUpdateInternal(ClientPreparedStatement.java:1061)
	at com.mysql.cj.jdbc.ClientPreparedStatement.executeUpdateInternal(ClientPreparedStatement.java:1009)
	at com.mysql.cj.jdbc.ClientPreparedStatement.executeLargeUpdate(ClientPreparedStatement.java:1320)
	at com.mysql.cj.jdbc.ClientPreparedStatement.executeUpdate(ClientPreparedStatement.java:994)
	at com.zaxxer.hikari.pool.ProxyPreparedStatement.executeUpdate(ProxyPreparedStatement.java:61)
	at com.zaxxer.hikari.pool.HikariProxyPreparedStatement.executeUpdate(HikariProxyPreparedStatement.java)
	at org.hibernate.engine.jdbc.internal.ResultSetReturnImpl.executeUpdate(ResultSetReturnImpl.java:197)
	at org.hibernate.dialect.identity.GetGeneratedKeysDelegate.executeAndExtract(GetGeneratedKeysDelegate.java:58)
	at org.hibernate.id.insert.AbstractReturningDelegate.performInsert(AbstractReturningDelegate.java:43)
	at org.hibernate.persister.entity.AbstractEntityPersister.insert(AbstractEntityPersister.java:3279)
	at org.hibernate.persister.entity.AbstractEntityPersister.insert(AbstractEntityPersister.java:3914)
	at org.hibernate.action.internal.EntityIdentityInsertAction.execute(EntityIdentityInsertAction.java:84)
	at org.hibernate.engine.spi.ActionQueue.execute(ActionQueue.java:645)
	at org.hibernate.engine.spi.ActionQueue.addResolvedEntityInsertAction(ActionQueue.java:282)
	at org.hibernate.engine.spi.ActionQueue.addInsertAction(ActionQueue.java:263)
	at org.hibernate.engine.spi.ActionQueue.addAction(ActionQueue.java:317)
	at org.hibernate.event.internal.AbstractSaveEventListener.addInsertAction(AbstractSaveEventListener.java:329)
	at org.hibernate.event.internal.AbstractSaveEventListener.performSaveOrReplicate(AbstractSaveEventListener.java:286)
	at org.hibernate.event.internal.AbstractSaveEventListener.performSave(AbstractSaveEventListener.java:192)
	at org.hibernate.event.internal.AbstractSaveEventListener.saveWithGeneratedId(AbstractSaveEventListener.java:122)
	at org.hibernate.event.internal.DefaultPersistEventListener.entityIsTransient(DefaultPersistEventListener.java:185)
	at org.hibernate.event.internal.DefaultPersistEventListener.onPersist(DefaultPersistEventListener.java:128)
	at org.hibernate.event.internal.DefaultPersistEventListener.onPersist(DefaultPersistEventListener.java:55)
	at org.hibernate.event.service.internal.EventListenerGroupImpl.fireEventOnEachListener(EventListenerGroupImpl.java:107)
	at org.hibernate.internal.SessionImpl.firePersist(SessionImpl.java:756)
	at org.hibernate.internal.SessionImpl.persist(SessionImpl.java:742)
	at java.base/jdk.internal.reflect.DirectMethodHandleAccessor.invoke(DirectMethodHandleAccessor.java:104)
	at java.base/java.lang.reflect.Method.invoke(Method.java:578)
	at org.springframework.orm.jpa.ExtendedEntityManagerCreator$ExtendedEntityManagerInvocationHandler.invoke(ExtendedEntityManagerCreator.java:362)
	at jdk.proxy9/jdk.proxy9.$Proxy156.persist(Unknown Source)
	at java.base/jdk.internal.reflect.DirectMethodHandleAccessor.invoke(DirectMethodHandleAccessor.java:104)
	at java.base/java.lang.reflect.Method.invoke(Method.java:578)
	at org.springframework.orm.jpa.SharedEntityManagerCreator$SharedEntityManagerInvocationHandler.invoke(SharedEntityManagerCreator.java:311)
	at jdk.proxy9/jdk.proxy9.$Proxy156.persist(Unknown Source)
	at org.springframework.data.jpa.repository.support.SimpleJpaRepository.save(SimpleJpaRepository.java:666)
	at java.base/jdk.internal.reflect.DirectMethodHandleAccessor.invoke(DirectMethodHandleAccessor.java:104)
	at java.base/java.lang.reflect.Method.invoke(Method.java:578)
	at org.springframework.data.repository.core.support.RepositoryMethodInvoker$RepositoryFragmentMethodInvoker.lambda$new$0(RepositoryMethodInvoker.java:289)
	at org.springframework.data.repository.core.support.RepositoryMethodInvoker.doInvoke(RepositoryMethodInvoker.java:137)
	at org.springframework.data.repository.core.support.RepositoryMethodInvoker.invoke(RepositoryMethodInvoker.java:121)
	at org.springframework.data.repository.core.support.RepositoryComposition$RepositoryFragments.invoke(RepositoryComposition.java:530)
	at org.springframework.data.repository.core.support.RepositoryComposition.invoke(RepositoryComposition.java:286)
	at org.springframework.data.repository.core.support.RepositoryFactorySupport$ImplementationMethodExecutionInterceptor.invoke(RepositoryFactorySupport.java:640)
	at org.springframework.aop.framework.ReflectiveMethodInvocation.proceed(ReflectiveMethodInvocation.java:186)
	at org.springframework.data.repository.core.support.QueryExecutorMethodInterceptor.doInvoke(QueryExecutorMethodInterceptor.java:164)
	at org.springframework.data.repository.core.support.QueryExecutorMethodInterceptor.invoke(QueryExecutorMethodInterceptor.java:139)
	at org.springframework.aop.framework.ReflectiveMethodInvocation.proceed(ReflectiveMethodInvocation.java:186)
	at org.springframework.data.projection.DefaultMethodInvokingMethodInterceptor.invoke(DefaultMethodInvokingMethodInterceptor.java:81)
	at org.springframework.aop.framework.ReflectiveMethodInvocation.proceed(ReflectiveMethodInvocation.java:186)
	at org.springframework.transaction.interceptor.TransactionInterceptor$1.proceedWithInvocation(TransactionInterceptor.java:123)
	at org.springframework.transaction.interceptor.TransactionAspectSupport.invokeWithinTransaction(TransactionAspectSupport.java:388)
	at org.springframework.transaction.interceptor.TransactionInterceptor.invoke(TransactionInterceptor.java:119)
	at org.springframework.aop.framework.ReflectiveMethodInvocation.proceed(ReflectiveMethodInvocation.java:186)
	at org.springframework.dao.support.PersistenceExceptionTranslationInterceptor.invoke(PersistenceExceptionTranslationInterceptor.java:137)
	at org.springframework.aop.framework.ReflectiveMethodInvocation.proceed(ReflectiveMethodInvocation.java:186)
	at org.springframework.data.jpa.repository.support.CrudMethodMetadataPostProcessor$CrudMethodMetadataPopulatingMethodInterceptor.invoke(CrudMethodMetadataPostProcessor.java:174)
	at org.springframework.aop.framework.ReflectiveMethodInvocation.proceed(ReflectiveMethodInvocation.java:186)
	at org.springframework.aop.interceptor.ExposeInvocationInterceptor.invoke(ExposeInvocationInterceptor.java:97)
	at org.springframework.aop.framework.ReflectiveMethodInvocation.proceed(ReflectiveMethodInvocation.java:186)
	at org.springframework.aop.framework.JdkDynamicAopProxy.invoke(JdkDynamicAopProxy.java:215)
	at jdk.proxy9/jdk.proxy9.$Proxy161.save(Unknown Source)
	at com.sdg.goals.service.impl.UserServiceImpl.createUser(UserServiceImpl.java:25)
	at com.sdg.goals.controller.ExcelUploadController.createUser(ExcelUploadController.java:57)
	at java.base/jdk.internal.reflect.DirectMethodHandleAccessor.invoke(DirectMethodHandleAccessor.java:104)
	at java.base/java.lang.reflect.Method.invoke(Method.java:578)
	at org.springframework.web.method.support.InvocableHandlerMethod.doInvoke(InvocableHandlerMethod.java:205)
	at org.springframework.web.method.support.InvocableHandlerMethod.invokeForRequest(InvocableHandlerMethod.java:150)
	at org.springframework.web.servlet.mvc.method.annotation.ServletInvocableHandlerMethod.invokeAndHandle(ServletInvocableHandlerMethod.java:117)
	at org.springframework.web.servlet.mvc.method.annotation.RequestMappingHandlerAdapter.invokeHandlerMethod(RequestMappingHandlerAdapter.java:895)
	at org.springframework.web.servlet.mvc.method.annotation.RequestMappingHandlerAdapter.handleInternal(RequestMappingHandlerAdapter.java:808)
	at org.springframework.web.servlet.mvc.method.AbstractHandlerMethodAdapter.handle(AbstractHandlerMethodAdapter.java:87)
	at org.springframework.web.servlet.DispatcherServlet.doDispatch(DispatcherServlet.java:1071)
	at org.springframework.web.servlet.DispatcherServlet.doService(DispatcherServlet.java:964)
	at org.springframework.web.servlet.FrameworkServlet.processRequest(FrameworkServlet.java:1006)
	at org.springframework.web.servlet.FrameworkServlet.doPost(FrameworkServlet.java:909)
	at javax.servlet.http.HttpServlet.service(HttpServlet.java:696)
	at org.springframework.web.servlet.FrameworkServlet.service(FrameworkServlet.java:883)
	at javax.servlet.http.HttpServlet.service(HttpServlet.java:779)
	at org.apache.catalina.core.ApplicationFilterChain.internalDoFilter(ApplicationFilterChain.java:227)
	at org.apache.catalina.core.ApplicationFilterChain.doFilter(ApplicationFilterChain.java:162)
	at org.apache.tomcat.websocket.server.WsFilter.doFilter(WsFilter.java:53)
	at org.apache.catalina.core.ApplicationFilterChain.internalDoFilter(ApplicationFilterChain.java:189)
	at org.apache.catalina.core.ApplicationFilterChain.doFilter(ApplicationFilterChain.java:162)
	at org.springframework.web.filter.RequestContextFilter.doFilterInternal(RequestContextFilter.java:100)
	at org.springframework.web.filter.OncePerRequestFilter.doFilter(OncePerRequestFilter.java:117)
	at org.apache.catalina.core.ApplicationFilterChain.internalDoFilter(ApplicationFilterChain.java:189)
	at org.apache.catalina.core.ApplicationFilterChain.doFilter(ApplicationFilterChain.java:162)
	at org.springframework.web.filter.FormContentFilter.doFilterInternal(FormContentFilter.java:93)
	at org.springframework.web.filter.OncePerRequestFilter.doFilter(OncePerRequestFilter.java:117)
	at org.apache.catalina.core.ApplicationFilterChain.internalDoFilter(ApplicationFilterChain.java:189)
	at org.apache.catalina.core.ApplicationFilterChain.doFilter(ApplicationFilterChain.java:162)
	at org.springframework.web.filter.CharacterEncodingFilter.doFilterInternal(CharacterEncodingFilter.java:201)
	at org.springframework.web.filter.OncePerRequestFilter.doFilter(OncePerRequestFilter.java:117)
	at org.apache.catalina.core.ApplicationFilterChain.internalDoFilter(ApplicationFilterChain.java:189)
	at org.apache.catalina.core.ApplicationFilterChain.doFilter(ApplicationFilterChain.java:162)
	at org.apache.catalina.core.StandardWrapperValve.invoke(StandardWrapperValve.java:177)
	at org.apache.catalina.core.StandardContextValve.invoke(StandardContextValve.java:97)
	at org.apache.catalina.authenticator.AuthenticatorBase.invoke(AuthenticatorBase.java:541)
	at org.apache.catalina.core.StandardHostValve.invoke(StandardHostValve.java:135)
	at org.apache.catalina.valves.ErrorReportValve.invoke(ErrorReportValve.java:92)
	at org.apache.catalina.core.StandardEngineValve.invoke(StandardEngineValve.java:78)
	at org.apache.catalina.connector.CoyoteAdapter.service(CoyoteAdapter.java:360)
	at org.apache.coyote.http11.Http11Processor.service(Http11Processor.java:399)
	at org.apache.coyote.AbstractProcessorLight.process(AbstractProcessorLight.java:65)
	at org.apache.coyote.AbstractProtocol$ConnectionHandler.process(AbstractProtocol.java:891)
	at org.apache.tomcat.util.net.NioEndpoint$SocketProcessor.doRun(NioEndpoint.java:1784)
	at org.apache.tomcat.util.net.SocketProcessorBase.run(SocketProcessorBase.java:49)
	at org.apache.tomcat.util.threads.ThreadPoolExecutor.runWorker(ThreadPoolExecutor.java:1191)
	at org.apache.tomcat.util.threads.ThreadPoolExecutor$Worker.run(ThreadPoolExecutor.java:659)
	at org.apache.tomcat.util.threads.TaskThread$WrappingRunnable.run(TaskThread.java:61)
	at java.base/java.lang.Thread.run(Thread.java:1589)
